#
# There is insufficient memory for the Java Runtime Environment to continue.
# Native memory allocation (mmap) failed to map 58720256 bytes for G1 virtual space
# Possible reasons:
#   The system is out of physical RAM or swap space
#   The process is running with CompressedOops enabled, and the Java Heap may be blocking the growth of the native heap
# Possible solutions:
#   Reduce memory load on the system
#   Increase physical memory or swap space
#   Check if swap backing store is full
#   Decrease Java heap size (-Xmx/-Xms)
#   Decrease number of Java threads
#   Decrease Java thread stack sizes (-Xss)
#   Set larger code cache with -XX:ReservedCodeCacheSize=
#   JVM is running with Unscaled Compressed Oops mode in which the Java heap is
#     placed in the first 4GB address space. The Java Heap base address is the
#     maximum limit for the native heap growth. Please use -XX:HeapBaseMinAddress
#     to set the Java Heap base and to place the Java Heap above 4GB virtual address.
# This output file may be truncated or incomplete.
#
#  Out of Memory Error (os_windows.cpp:3530), pid=232, tid=2420
#
# JRE version:  (18.0.1.1+2) (build )
# Java VM: Java HotSpot(TM) 64-Bit Server VM (18.0.1.1+2-6, mixed mode, sharing, tiered, compressed oops, compressed class ptrs, g1 gc, windows-amd64)
# No core dump will be written. Minidumps are not enabled by default on client versions of Windows
#

---------------  S U M M A R Y ------------

Command Line: -ea -Dfile.encoding=UTF-8 -XX:+ShowCodeDetailsInExceptionMessages org.testng.remote.RemoteTestNG -serport 54353 -protocol json -d D:\eclipse-workspace\ApiRestAssured\test-output C:\Users\winni\AppData\Local\Temp\testng-eclipse--969593458\testng-customsuite.xml

Host: AMD Ryzen 3 3250U with Radeon Graphics         , 4 cores, 3G,  Windows 11 , 64 bit Build 22621 (10.0.22621.1485)
Time: Mon Apr 17 23:43:42 2023 India Standard Time elapsed time: 0.038799 seconds (0d 0h 0m 0s)

---------------  T H R E A D  ---------------

Current thread (0x0000023e6100af80):  JavaThread "Unknown thread" [_thread_in_vm, id=2420, stack(0x0000008ca4500000,0x0000008ca4600000)]

Stack: [0x0000008ca4500000,0x0000008ca4600000]
Native frames: (J=compiled Java code, j=interpreted, Vv=VM code, C=native code)
V  [jvm.dll+0x69887a]
V  [jvm.dll+0x7f38bd]
V  [jvm.dll+0x7f51ce]
V  [jvm.dll+0x7f5883]
V  [jvm.dll+0x25ca3f]
V  [jvm.dll+0x6957c9]
V  [jvm.dll+0x68a2fa]
V  [jvm.dll+0x321efb]
V  [jvm.dll+0x3298d6]
V  [jvm.dll+0x37e47e]
V  [jvm.dll+0x37e6af]
V  [jvm.dll+0x2f9c7a]
V  [jvm.dll+0x2facdd]
V  [jvm.dll+0x7c24f0]
V  [jvm.dll+0x38b801]
V  [jvm.dll+0x7a1203]
V  [jvm.dll+0x40d6bf]
V  [jvm.dll+0x40f091]
C  [jli.dll+0x526b]
C  [ucrtbase.dll+0x29363]
C  [KERNEL32.DLL+0x1269d]
C  [ntdll.dll+0x5a9f8]


---------------  P R O C E S S  ---------------

Threads class SMR info:
_java_thread_list=0x00007ffb08cbd550, length=0, elements={
}

Java Threads: ( => current thread )

Other Threads:
  0x0000023e61048720 WorkerThread "GC Thread#0" [stack: 0x0000008ca4600000,0x0000008ca4700000] [id=14456]
  0x0000023e61050290 ConcurrentGCThread "G1 Main Marker" [stack: 0x0000008ca4700000,0x0000008ca4800000] [id=9584]
  0x0000023e61050c80 WorkerThread "G1 Conc#0" [stack: 0x0000008ca4800000,0x0000008ca4900000] [id=17004]

[error occurred during error reporting (printing all threads), id 0xc0000005, EXCEPTION_ACCESS_VIOLATION (0xc0000005) at pc=0x00007ffb084ea217]

VM state: not at safepoint (not fully initialized)

VM Mutex/Monitor currently owned by a thread:  ([mutex/lock_event])
[0x0000023e61007170] Heap_lock - owner thread: 0x0000023e6100af80

Heap address: 0x00000000c9e00000, size: 866 MB, Compressed Oops mode: 32-bit

CDS archive(s) mapped at: [0x0000000000000000-0x0000000000000000-0x0000000000000000), size 0, SharedBaseAddress: 0x0000000800000000, ArchiveRelocationMode: 0.
Narrow klass base: 0x0000000000000000, Narrow klass shift: 0, Narrow klass range: 0x0

GC Precious Log:
 CardTable entry size: 512
 Card Set container configuration: InlinePtr #cards 5 size 8 Array Of Cards #cards 12 size 40 Howl #buckets 4 coarsen threshold 1843 Howl Bitmap #cards 512 size 80 coarsen threshold 460 Card regions per heap region 1 cards per card region 2048

Heap:
 garbage-first heap   total 0K, used 0K [0x00000000c9e00000, 0x0000000100000000)
  region size 1024K, 0 young (0K), 0 survivors (0K)

[error occurred during error reporting (printing heap information), id 0xc0000005, EXCEPTION_ACCESS_VIOLATION (0xc0000005) at pc=0x00007ffb088d0cb9]

GC Heap History (0 events):
No events

Deoptimization events (0 events):
No events

Classes loaded (0 events):
No events

Classes unloaded (0 events):
No events

Classes redefined (0 events):
No events

Internal exceptions (0 events):
No events

VM Operations (0 events):
No events

Events (1 events):
Event: 0.024 Loaded shared library C:\Program Files\Java\jdk-18.0.1.1\bin\java.dll


Dynamic libraries:
0x00007ff635110000 - 0x00007ff635120000 	C:\Program Files\Java\jdk-18.0.1.1\bin\javaw.exe
0x00007ffb56c10000 - 0x00007ffb56e24000 	C:\WINDOWS\SYSTEM32\ntdll.dll
0x00007ffb56170000 - 0x00007ffb56232000 	C:\WINDOWS\System32\KERNEL32.DLL
0x00007ffb540c0000 - 0x00007ffb5445c000 	C:\WINDOWS\System32\KERNELBASE.dll
0x00007ffb54460000 - 0x00007ffb54571000 	C:\WINDOWS\System32\ucrtbase.dll
0x00007ffb08eb0000 - 0x00007ffb08ec8000 	C:\Program Files\Java\jdk-18.0.1.1\bin\jli.dll
0x00007ffb560c0000 - 0x00007ffb5616e000 	C:\WINDOWS\System32\ADVAPI32.dll
0x00007ffb56290000 - 0x00007ffb56337000 	C:\WINDOWS\System32\msvcrt.dll
0x00007ffb565a0000 - 0x00007ffb56644000 	C:\WINDOWS\System32\sechost.dll
0x00007ffb55670000 - 0x00007ffb55787000 	C:\WINDOWS\System32\RPCRT4.dll
0x00007ffb563f0000 - 0x00007ffb5659b000 	C:\WINDOWS\System32\USER32.dll
0x00007ffb54620000 - 0x00007ffb54646000 	C:\WINDOWS\System32\win32u.dll
0x00007ffb55590000 - 0x00007ffb555b9000 	C:\WINDOWS\System32\GDI32.dll
0x00007ffb54900000 - 0x00007ffb54a13000 	C:\WINDOWS\System32\gdi32full.dll
0x00007ffb54580000 - 0x00007ffb5461a000 	C:\WINDOWS\System32\msvcp_win.dll
0x00007ffb08e90000 - 0x00007ffb08eaa000 	C:\Program Files\Java\jdk-18.0.1.1\bin\VCRUNTIME140.dll
0x00007ffb42ce0000 - 0x00007ffb42f6e000 	C:\WINDOWS\WinSxS\amd64_microsoft.windows.common-controls_6595b64144ccf1df_6.0.22621.608_none_a9444ca7c10bb01d\COMCTL32.dll
0x00007ffb4b6f0000 - 0x00007ffb4b6fa000 	C:\WINDOWS\SYSTEM32\VERSION.dll
0x00007ffb555c0000 - 0x00007ffb555f1000 	C:\WINDOWS\System32\IMM32.DLL
0x00007ffb08e80000 - 0x00007ffb08e8c000 	C:\Program Files\Java\jdk-18.0.1.1\bin\vcruntime140_1.dll
0x00007ffb08df0000 - 0x00007ffb08e7d000 	C:\Program Files\Java\jdk-18.0.1.1\bin\msvcp140.dll
0x00007ffb081e0000 - 0x00007ffb08df0000 	C:\Program Files\Java\jdk-18.0.1.1\bin\server\jvm.dll
0x00007ffb55450000 - 0x00007ffb55458000 	C:\WINDOWS\System32\PSAPI.DLL
0x00007ffb3d950000 - 0x00007ffb3d959000 	C:\WINDOWS\SYSTEM32\WSOCK32.dll
0x00007ffb55090000 - 0x00007ffb55101000 	C:\WINDOWS\System32\WS2_32.dll
0x00007ffb4b6b0000 - 0x00007ffb4b6e4000 	C:\WINDOWS\SYSTEM32\WINMM.dll
0x00007ffb53070000 - 0x00007ffb53088000 	C:\WINDOWS\SYSTEM32\kernel.appcore.dll
0x00007ffb07f50000 - 0x00007ffb07f5a000 	C:\Program Files\Java\jdk-18.0.1.1\bin\jimage.dll
0x00007ffb47950000 - 0x00007ffb47b7e000 	C:\WINDOWS\SYSTEM32\DBGHELP.DLL
0x00007ffb54b60000 - 0x00007ffb54ee9000 	C:\WINDOWS\System32\combase.dll
0x00007ffb54a80000 - 0x00007ffb54b57000 	C:\WINDOWS\System32\OLEAUT32.dll
0x00007ffb3d9a0000 - 0x00007ffb3d9d2000 	C:\WINDOWS\SYSTEM32\dbgcore.DLL
0x00007ffb54650000 - 0x00007ffb546cb000 	C:\WINDOWS\System32\bcryptPrimitives.dll
0x00007ffb07d40000 - 0x00007ffb07d65000 	C:\Program Files\Java\jdk-18.0.1.1\bin\java.dll

dbghelp: loaded successfully - version: 4.0.5 - missing functions: none
symbol engine: initialized successfully - sym options: 0x614 - pdb path: .;C:\Program Files\Java\jdk-18.0.1.1\bin;C:\WINDOWS\SYSTEM32;C:\WINDOWS\WinSxS\amd64_microsoft.windows.common-controls_6595b64144ccf1df_6.0.22621.608_none_a9444ca7c10bb01d;C:\Program Files\Java\jdk-18.0.1.1\bin\server

VM Arguments:
jvm_args: -ea -Dfile.encoding=UTF-8 -XX:+ShowCodeDetailsInExceptionMessages 
java_command: org.testng.remote.RemoteTestNG -serport 54353 -protocol json -d D:\eclipse-workspace\ApiRestAssured\test-output C:\Users\winni\AppData\Local\Temp\testng-eclipse--969593458\testng-customsuite.xml
java_class_path (initial): C:\Users\winni\eclipse\java-2022-063\eclipse\configuration\org.eclipse.osgi\429\0\.cp\lib\testng-remote.jar;D:\eclipse-workspace\ApiRestAssured\target\test-classes;D:\eclipse-workspace\ApiRestAssured\target\classes;C:\Users\winni\.m2\repository\io\rest-assured\rest-assured\5.3.0\rest-assured-5.3.0.jar;C:\Users\winni\.m2\repository\org\apache\groovy\groovy\4.0.6\groovy-4.0.6.jar;C:\Users\winni\.m2\repository\org\apache\groovy\groovy-xml\4.0.6\groovy-xml-4.0.6.jar;C:\Users\winni\.m2\repository\org\apache\httpcomponents\httpclient\4.5.13\httpclient-4.5.13.jar;C:\Users\winni\.m2\repository\org\apache\httpcomponents\httpcore\4.4.13\httpcore-4.4.13.jar;C:\Users\winni\.m2\repository\commons-logging\commons-logging\1.2\commons-logging-1.2.jar;C:\Users\winni\.m2\repository\org\apache\httpcomponents\httpmime\4.5.13\httpmime-4.5.13.jar;C:\Users\winni\.m2\repository\org\hamcrest\hamcrest\2.1\hamcrest-2.1.jar;C:\Users\winni\.m2\repository\org\ccil\cowan\tagsoup\tagsoup\1.2.1\tagsoup-1.2.1.jar;C:\Users\winni\.m2\repository\io\rest-assured\json-path\5.3.0\json-path-5.3.0.jar;C:\Users\winni\.m2\repository\org\apache\groovy\groovy-json\4.0.6\groovy-json-4.0.6.jar;C:\Users\winni\.m2\repository\io\rest-assured\rest-assured-common\5.3.0\rest-assured-common-5.3.0.jar;C:\Users\winni\.m2\repository\io\rest-assured\xml-path\5.3.0\xml-path-5.3.0.jar;C:\Users\winni\.m2\repository\org\apache\commons\commons-lang3\3.11\commons-lang3-3.11.jar;C:\Users\winni\.m2\repository\io\rest-assured\json-schema-validator\5.3.0\json-schema-validator-5.3.0.jar;C:\Users\winni\.m2\repository\com\github\java-json-tools\json-schema-validator\2.2.14\json-schema-validator-2.2.14.jar;C:\Users\winni\.m2\repository\com\google\guava\guava\28.2-android\guava-28.2-android.jar;C:\Users\winni\.m2\repository\com\google\guava\failureaccess\1.0.1\failureaccess-1.0.1.jar;C:\Users\winni\.m2\repository\com\google\guava\listenablefuture\9999.0-empty-to-avoid-conflict-with-guava\listenablefuture-9999.0-empty-to-avoid-conflict-with-guava.jar;C:\Users\winni\.m2\repository\org\checkerframework\checker-compat-qual\2.5.5\checker-compat-qual-2.5.5.jar;C:\Users\winni\.m2\repository\com\google\errorprone\error_prone_annotations\2.3.4\error_prone_annotations-2.3.4.jar;C:\Users\winni\.m2\repository\com\google\j2objc\j2objc-annotations\1.3\j2objc-annotations-1.3.jar;C:\Users\winni\.m2\repository\com\github\java-json-tools\jackson-coreutils-equivalence\1.0\jackson-coreutils-equivalence-1.0.jar;C:\Users\winni\.m2\repository\com\github\java-json-tools\jackson-coreutils\2.0\jackson-coreutils-2.0.jar;C:\Users\winni\.m2\repository\com\github\java-json-tools\msg-simple\1.2\msg-simple-1.2.jar;C:\Users\winni\.m2\repository\com\github\java-json-tools\btf\1.3\btf-1.3.jar;C:\Users\winni\.m2\repository\com\github\java-json-tools\json-schema-core\1.2.14\json-schema-core-1.2.14.jar;C:\Users\winni\.m2\repository\com\github\java-json-tools\uri-template\0.10\uri-template-0.10.jar;C:\Users\winni\.m2\repository\org\mozilla\rhino\1.7.7.2\rhino-1.7.7.2.jar;C:\Users\winni\.m2\repository\com\sun\mail\mailapi\1.6.2\mailapi-1.6.2.jar;C:\Users\winni\.m2\repository\joda-time\joda-time\2.10.5\joda-time-2.10.5.jar;C:\Users\winni\.m2\repository\com\googlecode\libphonenumber\libphonenumber\8.11.1\libphonenumber-8.11.1.jar;C:\Users\winni\.m2\repository\com\google\code\findbugs\jsr305\3.0.2\jsr305-3.0.2.jar;C:\Users\winni\.m2\repository\net\sf\jopt-simple\jopt-simple\5.0.4\jopt-simple-5.0.4.jar;C:\Users\winni\.m2\repository\io\rest-assured\spring-mock-mvc\5.3.0\spring-mock-mvc-5.3.0.jar;C:\Users\winni\.m2\repository\io\rest-assured\spring-commons\5.3.0\spring-commons-5.3.0.jar;C:\Users\winni\.m2\repository\org\springframework\spring-test\4.3.23.RELEASE\spring-test-4.3.23.RELEASE.jar;C:\Users\winni\.m2\repository\org\springframework\spring-core\4.3.23.RELEASE\spring-core-4.3.23.RELEASE.jar;C:\Users\winni\.m2\repository\org\springframework\spring-webmvc\4.3.23.RELEASE\spring-webmvc-4.3.23.RELEASE.jar;C:\Users\winni\.m2\repository\org\springframework\spring-aop\4.3.23.RELEASE\spring-aop-4.3.23.RELEASE.jar;C:\Users\winni\.m2\repository\org\springframework\spring-beans\4.3.23.RELEASE\spring-beans-4.3.23.RELEASE.jar;C:\Users\winni\.m2\repository\org\springframework\spring-expression\4.3.23.RELEASE\spring-expression-4.3.23.RELEASE.jar;C:\Users\winni\.m2\repository\org\springframework\spring-web\4.3.23.RELEASE\spring-web-4.3.23.RELEASE.jar;C:\Users\winni\.m2\repository\io\rest-assured\spring-web-test-client\5.3.0\spring-web-test-client-5.3.0.jar;C:\Users\winni\.m2\repository\org\springframework\spring-context\5.1.0.RELEASE\spring-context-5.1.0.RELEASE.jar;C:\Users\winni\.m2\repository\org\synchronoss\cloud\nio-multipart-parser\1.1.0\nio-multipart-parser-1.1.0.jar;C:\Users\winni\.m2\repository\org\slf4j\slf4j-api\1.7.12\slf4j-api-1.7.12.jar;C:\Users\winni\.m2\repository\org\synchronoss\cloud\nio-stream-storage\1.1.3\nio-stream-storage-1.1.3.jar;C:\Users\winni\.m2\repository\io\rest-assured\scala-support\5.3.0\scala-support-5.3.0.jar;C:\Users\winni\.m2\repository\org\scala-lang\scala-library\2.13.0\scala-library-2.13.0.jar;C:\Users\winni\.m2\repository\io\rest-assured\kotlin-extensions\5.3.0\kotlin-extensions-5.3.0.jar;C:\Users\winni\.m2\repository\org\jetbrains\kotlin\kotlin-stdlib-jdk8\1.7.20\kotlin-stdlib-jdk8-1.7.20.jar;C:\Users\winni\.m2\repository\org\jetbrains\kotlin\kotlin-stdlib\1.7.20\kotlin-stdlib-1.7.20.jar;C:\Users\winni\.m2\repository\org\jetbrains\kotlin\kotlin-stdlib-common\1.7.20\kotlin-stdlib-common-1.7.20.jar;C:\Users\winni\.m2\repository\org\jetbrains\annotations\13.0\annotations-13.0.jar;C:\Users\winni\.m2\repository\org\jetbrains\kotlin\kotlin-stdlib-jdk7\1.7.20\kotlin-stdlib-jdk7-1.7.20.jar;C:\Users\winni\.m2\repository\io\rest-assured\rest-assured-all\5.3.0\rest-assured-all-5.3.0.jar;C:\Users\winni\.m2\repository\org\apache\poi\poi\3.9\poi-3.9.jar;C:\Users\winni\.m2\repository\commons-codec\commons-codec\1.5\commons-codec-1.5.jar;C:\Users\winni\.m2\repository\org\apache\poi\poi-ooxml\3.9\poi-ooxml-3.9.jar;C:\Users\winni\.m2\repository\dom4j\dom4j\1.6.1\dom4j-1.6.1.jar;C:\Users\winni\.m2\repository\xml-apis\xml-apis\1.0.b2\xml-apis-1.0.b2.jar;C:\Users\winni\.m2\repository\org\apache\poi\poi-ooxml-schemas\3.9\poi-ooxml-schemas-3.9.jar;C:\Users\winni\.m2\repository\org\apache\xmlbeans\xmlbeans\2.3.0\xmlbeans-2.3.0.jar;C:\Users\winni\.m2\repository\stax\stax-api\1.0.1\stax-api-1.0.1.jar;C:\Users\winni\.m2\repository\org\apache\poi\poi-scratchpad\3.9\poi-scratchpad-3.9.jar;C:\Users\winni\.m2\repository\org\apache\poi\ooxml-schemas\1.1\ooxml-schemas-1.1.jar;C:\Users\winni\.m2\repository\org\apache\poi\openxml4j\1.0-beta\openxml4j-1.0-beta.jar;C:\Users\winni\.m2\repository\log4j\log4j\1.2.8\log4j-1.2.8.jar;C:\Users\winni\.m2\repository\org\testng\testng\7.4.0\testng-7.4.0.jar;C:\Users\winni\.m2\repository\com\beust\jcommander\1.78\jcommander-1.78.jar;C:\Users\winni\.m2\repository\org\webjars\jquery\3.5.1\jquery-3.5.1.jar;C:\Users\winni\.m2\repository\com\fasterxml\jackson\core\jackson-databind\2.11.2\jackson-databind-2.11.2.jar;C:\Users\winni\.m2\repository\com\fasterxml\jackson\core\jackson-annotations\2.11.2\jackson-annotations-2.11.2.jar;C:\Users\winni\.m2\repository\com\fasterxml\jackson\core\jackson-core\2.11.2\jackson-core-2.11.2.jar;C:\Users\winni\.m2\repository\com\googlecode\json-simple\json-simple\1.1.1\json-simple-1.1.1.jar;C:\Users\winni\.m2\repository\junit\junit\4.10\junit-4.10.jar;C:\Users\winni\.m2\repository\org\hamcrest\hamcrest-core\1.1\hamcrest-core-1.1.jar
Launcher Type: SUN_STANDARD

[Global flags]
     intx CICompilerCount                          = 3                                         {product} {ergonomic}
     uint ConcGCThreads                            = 1                                         {product} {ergonomic}
     uint G1ConcRefinementThreads                  = 4                                         {product} {ergonomic}
   size_t G1HeapRegionSize                         = 1048576                                   {product} {ergonomic}
    uintx GCDrainStackTargetSize                   = 64                                        {product} {ergonomic}
   size_t InitialHeapSize                          = 58720256                                  {product} {ergonomic}
   size_t MarkStackSize                            = 4194304                                   {product} {ergonomic}
   size_t MaxHeapSize                              = 908066816                                 {product} {ergonomic}
   size_t MinHeapDeltaBytes                        = 1048576                                   {product} {ergonomic}
   size_t MinHeapSize                              = 8388608                                   {product} {ergonomic}
    uintx NonNMethodCodeHeapSize                   = 5832780                                {pd product} {ergonomic}
    uintx NonProfiledCodeHeapSize                  = 122912730                              {pd product} {ergonomic}
    uintx ProfiledCodeHeapSize                     = 122912730                              {pd product} {ergonomic}
    uintx ReservedCodeCacheSize                    = 251658240                              {pd product} {ergonomic}
     bool SegmentedCodeCache                       = true                                      {product} {ergonomic}
     bool ShowCodeDetailsInExceptionMessages       = true                                   {manageable} {command line}
   size_t SoftMaxHeapSize                          = 908066816                              {manageable} {ergonomic}
     bool UseCompressedClassPointers               = true                           {product lp64_product} {ergonomic}
     bool UseCompressedOops                        = true                           {product lp64_product} {ergonomic}
     bool UseG1GC                                  = true                                      {product} {ergonomic}
     bool UseLargePagesIndividualAllocation        = false                                  {pd product} {ergonomic}

Logging:
Log output configuration:
 #0: stdout all=warning uptime,level,tags foldmultilines=false
 #1: stderr all=off uptime,level,tags foldmultilines=false

Environment Variables:
PATH=C:\Python311\Scripts\;C:\Python311\;C:\app\winni\product\21c\dbhomeXE\bin;C:\Program Files\Common Files\Oracle\Java\javapath;C:\WINDOWS\system32;C:\WINDOWS;C:\WINDOWS\System32\Wbem;C:\WINDOWS\System32\WindowsPowerShell\v1.0\;C:\WINDOWS\System32\OpenSSH\;MAVEN_HOME\bin;C:\Program Files\Git\cmd;C:\Users\winni\Downloads\jdk-11.0.17_windows-x64_bin.zip\jdk-11.0.17\bin;C:\ProgramData\chocolatey\bin;C:\Program Files\nodejs\;C:\Program Files\nodejs;C:\Users\winni\AppData\Local\Microsoft\WindowsApps;C:\Users\winni\AppData\Local\Programs\Microsoft VS Code\bin;C:\Program Files\apache-maven-3.8.6-bin\apache-maven-3.8.6\bin;C:\Users\winni\Downloads\Microsoft.SkypeApp_kzf8qxf38zg5c!App - Copy\android-sdk_r24.4.1-windows\android-sdk-windows\tools\bin;C:\Program Files\android-sdk_r24.4.1-windows\android-sdk-windows\platform-tools;C:\Program Files\android-sdk_r24.4.1-windows\android-sdk-windows\platforms;C:\Program Files\android-sdk_r24.4.1-windows\android-sdk-windows\tools;C:\Program Files\android-sdk_r24.4.1-windows\android-sdk-windows\build-tools;C:\Program Files\JetBrains\IntelliJ IDEA Community Edition 2022.3.1\bin;;C:\MinGW\bin;C:\Users\winni\AppData\Local\Packages\PythonSoftwareFoundation.Python.3.10_qbz5n2kfra8p0\LocalCache\local-packages\Python310\Scripts;C:\Users\winni\AppData\Local\Packages\PythonSoftwareFoundation.Python.3.10_qbz5n2kfra8p0\LocalCache\local-packages\Python310\Scripts';C:\Users\winni\Downloads\jdk-11.0.17_windows-x64_bin.zip\jdk-11.0.17\bin;C:\Users\winni\AppData\Roaming\npm;C:\Program Files\nodejs;
USERNAME=winni
OS=Windows_NT
PROCESSOR_IDENTIFIER=AMD64 Family 23 Model 24 Stepping 1, AuthenticAMD



---------------  S Y S T E M  ---------------

OS:
 Windows 11 , 64 bit Build 22621 (10.0.22621.1485)
OS uptime: 0 days 3:53 hours
Hyper-V role detected

CPU: total 4 (initial active 4) (4 cores per cpu, 2 threads per core) family 23 model 24 stepping 1 microcode 0x0, cx8, cmov, fxsr, ht, mmx, 3dnowpref, sse, sse2, sse3, ssse3, sse4a, sse4.1, sse4.2, popcnt, lzcnt, tsc, tscinvbit, avx, avx2, aes, clmul, bmi1, bmi2, adx, sha, fma, vzeroupper, clflush, clflushopt, hv

Memory: 4k page, system-wide physical 3459M (279M free)
TotalPageFile size 14211M (AvailPageFile size 42M)
current process WorkingSet (physical memory assigned to process): 11M, peak: 11M
current process commit charge ("private bytes"): 51M, peak: 107M

vm_info: Java HotSpot(TM) 64-Bit Server VM (18.0.1.1+2-6) for windows-amd64 JRE (18.0.1.1+2-6), built on Apr 25 2022 21:53:15 by "mach5one" with MS VC++ 16.8 / 16.9 (VS2019)

END.
